<?xml version="1.0" encoding="UTF-8"?>
<testsuite name="com.springboot.HomeworkJpaApplicationTests" tests="1" skipped="0" failures="0" errors="0" timestamp="2024-07-12T12:10:24" hostname="BOOK-LCCUUB9T5H" time="0.153">
  <properties/>
  <testcase name="contextLoads()" classname="com.springboot.HomeworkJpaApplicationTests" time="0.153"/>
  <system-out><![CDATA[21:10:20.663 [Test worker] DEBUG org.springframework.test.context.BootstrapUtils - Instantiating CacheAwareContextLoaderDelegate from class [org.springframework.test.context.cache.DefaultCacheAwareContextLoaderDelegate]
21:10:20.671 [Test worker] DEBUG org.springframework.test.context.BootstrapUtils - Instantiating BootstrapContext using constructor [public org.springframework.test.context.support.DefaultBootstrapContext(java.lang.Class,org.springframework.test.context.CacheAwareContextLoaderDelegate)]
21:10:20.694 [Test worker] DEBUG org.springframework.test.context.BootstrapUtils - Instantiating TestContextBootstrapper for test class [com.springboot.HomeworkJpaApplicationTests] from class [org.springframework.boot.test.context.SpringBootTestContextBootstrapper]
21:10:20.701 [Test worker] INFO org.springframework.boot.test.context.SpringBootTestContextBootstrapper - Neither @ContextConfiguration nor @ContextHierarchy found for test class [com.springboot.HomeworkJpaApplicationTests], using SpringBootContextLoader
21:10:20.704 [Test worker] DEBUG org.springframework.test.context.support.AbstractContextLoader - Did not detect default resource location for test class [com.springboot.HomeworkJpaApplicationTests]: class path resource [com/springboot/HomeworkJpaApplicationTests-context.xml] does not exist
21:10:20.704 [Test worker] DEBUG org.springframework.test.context.support.AbstractContextLoader - Did not detect default resource location for test class [com.springboot.HomeworkJpaApplicationTests]: class path resource [com/springboot/HomeworkJpaApplicationTestsContext.groovy] does not exist
21:10:20.704 [Test worker] INFO org.springframework.test.context.support.AbstractContextLoader - Could not detect default resource locations for test class [com.springboot.HomeworkJpaApplicationTests]: no resource found for suffixes {-context.xml, Context.groovy}.
21:10:20.705 [Test worker] INFO org.springframework.test.context.support.AnnotationConfigContextLoaderUtils - Could not detect default configuration classes for test class [com.springboot.HomeworkJpaApplicationTests]: HomeworkJpaApplicationTests does not declare any static, non-private, non-final, nested classes annotated with @Configuration.
21:10:20.731 [Test worker] DEBUG org.springframework.test.context.support.ActiveProfilesUtils - Could not find an 'annotation declaring class' for annotation type [org.springframework.test.context.ActiveProfiles] and class [com.springboot.HomeworkJpaApplicationTests]
21:10:20.774 [Test worker] DEBUG org.springframework.context.annotation.ClassPathScanningCandidateComponentProvider - Identified candidate component class: file [C:\solo_project\sole_project\build\classes\java\main\com\springboot\HomeworkJpaApplication.class]
21:10:20.775 [Test worker] INFO org.springframework.boot.test.context.SpringBootTestContextBootstrapper - Found @SpringBootConfiguration com.springboot.HomeworkJpaApplication for test class com.springboot.HomeworkJpaApplicationTests
21:10:20.857 [Test worker] DEBUG org.springframework.boot.test.context.SpringBootTestContextBootstrapper - @TestExecutionListeners is not present for class [com.springboot.HomeworkJpaApplicationTests]: using defaults.
21:10:20.858 [Test worker] INFO org.springframework.boot.test.context.SpringBootTestContextBootstrapper - Loaded default TestExecutionListener class names from location [META-INF/spring.factories]: [org.springframework.boot.test.autoconfigure.restdocs.RestDocsTestExecutionListener, org.springframework.boot.test.autoconfigure.web.client.MockRestServiceServerResetTestExecutionListener, org.springframework.boot.test.autoconfigure.web.servlet.MockMvcPrintOnlyOnFailureTestExecutionListener, org.springframework.boot.test.autoconfigure.web.servlet.WebDriverTestExecutionListener, org.springframework.boot.test.autoconfigure.webservices.client.MockWebServiceServerTestExecutionListener, org.springframework.boot.test.mock.mockito.MockitoTestExecutionListener, org.springframework.boot.test.mock.mockito.ResetMocksTestExecutionListener, org.springframework.test.context.web.ServletTestExecutionListener, org.springframework.test.context.support.DirtiesContextBeforeModesTestExecutionListener, org.springframework.test.context.event.ApplicationEventsTestExecutionListener, org.springframework.test.context.support.DependencyInjectionTestExecutionListener, org.springframework.test.context.support.DirtiesContextTestExecutionListener, org.springframework.test.context.transaction.TransactionalTestExecutionListener, org.springframework.test.context.jdbc.SqlScriptsTestExecutionListener, org.springframework.test.context.event.EventPublishingTestExecutionListener]
21:10:20.869 [Test worker] INFO org.springframework.boot.test.context.SpringBootTestContextBootstrapper - Using TestExecutionListeners: [org.springframework.test.context.web.ServletTestExecutionListener@5049d8b2, org.springframework.test.context.support.DirtiesContextBeforeModesTestExecutionListener@6d0b5baf, org.springframework.test.context.event.ApplicationEventsTestExecutionListener@631e06ab, org.springframework.boot.test.mock.mockito.MockitoTestExecutionListener@2a3591c5, org.springframework.boot.test.autoconfigure.SpringBootDependencyInjectionTestExecutionListener@34a75079, org.springframework.test.context.support.DirtiesContextTestExecutionListener@346a361, org.springframework.test.context.transaction.TransactionalTestExecutionListener@107ed6fc, org.springframework.test.context.jdbc.SqlScriptsTestExecutionListener@1643d68f, org.springframework.test.context.event.EventPublishingTestExecutionListener@186978a6, org.springframework.boot.test.autoconfigure.restdocs.RestDocsTestExecutionListener@2e029d61, org.springframework.boot.test.autoconfigure.web.client.MockRestServiceServerResetTestExecutionListener@482d776b, org.springframework.boot.test.autoconfigure.web.servlet.MockMvcPrintOnlyOnFailureTestExecutionListener@4052274f, org.springframework.boot.test.autoconfigure.web.servlet.WebDriverTestExecutionListener@132ddbab, org.springframework.boot.test.autoconfigure.webservices.client.MockWebServiceServerTestExecutionListener@297ea53a, org.springframework.boot.test.mock.mockito.ResetMocksTestExecutionListener@acb0951]
21:10:20.872 [Test worker] DEBUG org.springframework.test.context.support.AbstractDirtiesContextTestExecutionListener - Before test class: context [DefaultTestContext@ab7a938 testClass = HomeworkJpaApplicationTests, testInstance = [null], testMethod = [null], testException = [null], mergedContextConfiguration = [WebMergedContextConfiguration@3faf2e7d testClass = HomeworkJpaApplicationTests, locations = '{}', classes = '{class com.springboot.HomeworkJpaApplication}', contextInitializerClasses = '[]', activeProfiles = '{}', propertySourceLocations = '{}', propertySourceProperties = '{org.springframework.boot.test.context.SpringBootTestContextBootstrapper=true}', contextCustomizers = set[org.springframework.boot.test.autoconfigure.actuate.metrics.MetricsExportContextCustomizerFactory$DisableMetricExportContextCustomizer@1b955cac, org.springframework.boot.test.autoconfigure.properties.PropertyMappingContextCustomizer@0, org.springframework.boot.test.autoconfigure.web.servlet.WebDriverContextCustomizerFactory$Customizer@7d1cfb8b, org.springframework.boot.test.context.filter.ExcludeFilterContextCustomizer@39655d3e, org.springframework.boot.test.json.DuplicateJsonObjectContextCustomizerFactory$DuplicateJsonObjectContextCustomizer@4b6e2263, org.springframework.boot.test.mock.mockito.MockitoContextCustomizer@0, org.springframework.boot.test.web.client.TestRestTemplateContextCustomizer@42bc14c1, org.springframework.boot.test.context.SpringBootTestArgs@1, org.springframework.boot.test.context.SpringBootTestWebEnvironment@6d3a388c], resourceBasePath = 'src/main/webapp', contextLoader = 'org.springframework.boot.test.context.SpringBootContextLoader', parent = [null]], attributes = map['org.springframework.test.context.web.ServletTestExecutionListener.activateListener' -> true]], class annotated with @DirtiesContext [false] with mode [null].

  .   ____          _            __ _ _
 /\\ / ___'_ __ _ _(_)_ __  __ _ \ \ \ \
( ( )\___ | '_ | '_| | '_ \/ _` | \ \ \ \
 \\/  ___)| |_)| | | | | || (_| |  ) ) ) )
  '  |____| .__|_| |_|_| |_\__, | / / / /
 =========|_|==============|___/=/_/_/_/
 :: Spring Boot ::                (v2.7.0)

2024-07-12 21:10:21.135  INFO 8112 --- [    Test worker] c.s.HomeworkJpaApplicationTests          : Starting HomeworkJpaApplicationTests using Java 17.0.10 on BOOK-LCCUUB9T5H with PID 8112 (started by user in C:\solo_project\sole_project)
2024-07-12 21:10:21.137  INFO 8112 --- [    Test worker] c.s.HomeworkJpaApplicationTests          : No active profile set, falling back to 1 default profile: "default"
2024-07-12 21:10:21.667  INFO 8112 --- [    Test worker] .s.d.r.c.RepositoryConfigurationDelegate : Bootstrapping Spring Data JPA repositories in DEFAULT mode.
2024-07-12 21:10:21.743  INFO 8112 --- [    Test worker] .s.d.r.c.RepositoryConfigurationDelegate : Finished Spring Data repository scanning in 67 ms. Found 5 JPA repository interfaces.
2024-07-12 21:10:22.165  INFO 8112 --- [    Test worker] o.hibernate.jpa.internal.util.LogHelper  : HHH000204: Processing PersistenceUnitInfo [name: default]
2024-07-12 21:10:22.216  INFO 8112 --- [    Test worker] org.hibernate.Version                    : HHH000412: Hibernate ORM core version 5.6.9.Final
2024-07-12 21:10:22.377  INFO 8112 --- [    Test worker] o.hibernate.annotations.common.Version   : HCANN000001: Hibernate Commons Annotations {5.1.2.Final}
2024-07-12 21:10:22.477  INFO 8112 --- [    Test worker] com.zaxxer.hikari.HikariDataSource       : HikariPool-1 - Starting...
2024-07-12 21:10:22.602  INFO 8112 --- [    Test worker] com.zaxxer.hikari.HikariDataSource       : HikariPool-1 - Start completed.
2024-07-12 21:10:22.629  INFO 8112 --- [    Test worker] org.hibernate.dialect.Dialect            : HHH000400: Using dialect: org.hibernate.dialect.H2Dialect
Hibernate: drop table if exists answers CASCADE 
Hibernate: drop table if exists coffee CASCADE 
Hibernate: drop table if exists member CASCADE 
Hibernate: drop table if exists order_coffee CASCADE 
Hibernate: drop table if exists orders CASCADE 
Hibernate: drop table if exists questions CASCADE 
Hibernate: drop table if exists stamp CASCADE 
Hibernate: create table answers (answer_id bigint generated by default as identity, answer_created_at timestamp not null, content varchar(255) not null, question_id bigint, primary key (answer_id))
Hibernate: create table coffee (coffee_id bigint generated by default as identity, coffee_code varchar(3) not null, coffee_status varchar(20) not null, created_at timestamp not null, eng_name varchar(100) not null, kor_name varchar(100) not null, last_modified_at timestamp not null, price integer not null, primary key (coffee_id))
Hibernate: create table member (member_id bigint generated by default as identity, created_at timestamp not null, email varchar(255) not null, member_status varchar(20) not null, last_modified_at timestamp not null, name varchar(100) not null, phone varchar(13) not null, primary key (member_id))
Hibernate: create table order_coffee (order_coffee_id bigint generated by default as identity, quantity integer not null, coffee_id bigint, orders_id bigint, primary key (order_coffee_id))
Hibernate: create table orders (order_id bigint generated by default as identity, created_at timestamp not null, last_modified_at timestamp not null, order_status varchar(255), member_id bigint, primary key (order_id))
Hibernate: create table questions (question_id bigint generated by default as identity, board_status varchar(255), content varchar(255) not null, question_created_at timestamp not null, question_status varchar(255), title varchar(255) not null, member_id bigint, primary key (question_id))
Hibernate: create table stamp (stamp_id bigint generated by default as identity, created_at timestamp not null, last_modified_at timestamp not null, stamp_count integer not null, member_id bigint, primary key (stamp_id))
Hibernate: alter table coffee add constraint UK_m12kom436k9e8fhohvqdnfakd unique (coffee_code)
Hibernate: alter table member add constraint UK_mbmcqelty0fbrvxp1q58dn57t unique (email)
Hibernate: alter table member add constraint UK_6ithqvsvrcawbi9dtxu0ttsny unique (phone)
Hibernate: alter table answers add constraint FK3erw1a3t0r78st8ty27x6v3g1 foreign key (question_id) references questions
Hibernate: alter table order_coffee add constraint FKaddeel2etjqaqm0n5728r9sab foreign key (coffee_id) references coffee
Hibernate: alter table order_coffee add constraint FKbu07jxs4maju5gr0qxtyahok2 foreign key (orders_id) references orders
Hibernate: alter table orders add constraint FKpktxwhj3x9m4gth5ff6bkqgeb foreign key (member_id) references member
Hibernate: alter table questions add constraint FKajqu3jo138ek7mhfor4knk7km foreign key (member_id) references member
Hibernate: alter table stamp add constraint FK1oscorlxc4ywlhvbucl1j2q9q foreign key (member_id) references member
2024-07-12 21:10:23.163  INFO 8112 --- [    Test worker] o.h.e.t.j.p.i.JtaPlatformInitiator       : HHH000490: Using JtaPlatform implementation: [org.hibernate.engine.transaction.jta.platform.internal.NoJtaPlatform]
2024-07-12 21:10:23.169  INFO 8112 --- [    Test worker] j.LocalContainerEntityManagerFactoryBean : Initialized JPA EntityManagerFactory for persistence unit 'default'
2024-07-12 21:10:23.867  WARN 8112 --- [    Test worker] JpaBaseConfiguration$JpaWebConfiguration : spring.jpa.open-in-view is enabled by default. Therefore, database queries may be performed during view rendering. Explicitly configure spring.jpa.open-in-view to disable this warning
2024-07-12 21:10:24.087  INFO 8112 --- [    Test worker] o.s.b.a.h2.H2ConsoleAutoConfiguration    : H2 console available at '/h2'. Database available at 'jdbc:h2:mem:test'
2024-07-12 21:10:24.349  INFO 8112 --- [    Test worker] c.s.HomeworkJpaApplicationTests          : Started HomeworkJpaApplicationTests in 3.449 seconds (JVM running for 4.258)
]]></system-out>
  <system-err><![CDATA[]]></system-err>
</testsuite>
